2022-03-18 18:40:46,012 - __main__ - INFO - Simulating database ...
2022-03-18 18:40:46,035 - __main__ - INFO - Fitting bayes model ...
2022-03-18 18:42:17,544 - __main__ - INFO - Printing results ...
2022-03-18 18:42:17,566 - __main__ - INFO - Done.
2022-03-18 18:43:42,544 - __main__ - INFO - Simulating database ...
2022-03-18 18:43:42,568 - __main__ - INFO - Fitting bayes model ...
2022-03-18 18:45:17,748 - __main__ - INFO - Printing results ...
2022-03-18 18:45:17,779 - __main__ - INFO - Done.
2022-03-18 18:46:24,097 - __main__ - INFO - Simulating database ...
2022-03-18 18:46:24,123 - __main__ - INFO - Fitting bayes model ...
2022-03-18 18:47:58,952 - __main__ - INFO - Printing results ...
2022-03-18 18:47:58,980 - __main__ - INFO - Done.
2022-03-18 18:48:18,124 - __main__ - INFO - Simulating database ...
2022-03-18 18:48:18,130 - __main__ - INFO - Fitting bayes model ...
2022-03-18 18:49:18,401 - __main__ - INFO - Simulating database ...
2022-03-18 18:49:18,421 - __main__ - INFO - Fitting bayes model ...
2022-03-18 18:52:04,274 - __main__ - INFO - Simulating database ...
2022-03-18 18:52:04,282 - __main__ - INFO - Fitting bayes model ...
2022-03-18 18:53:08,796 - __main__ - INFO - Simulating database ...
2022-03-18 18:53:08,814 - __main__ - INFO - Fitting bayes model ...
2022-03-18 18:57:03,120 - __main__ - INFO - Simulating database ...
2022-03-18 18:57:03,148 - __main__ - INFO - Fitting bayes model ...
2022-03-18 18:58:45,939 - __main__ - INFO - Simulating database ...
2022-03-18 18:58:45,968 - __main__ - INFO - Fitting bayes model ...
2022-03-18 18:59:20,883 - __main__ - INFO - Simulating database ...
2022-03-18 18:59:20,948 - __main__ - INFO - Fitting bayes model ...
2022-03-18 19:01:25,205 - __main__ - INFO - Simulating database ...
2022-03-18 19:01:25,331 - __main__ - INFO - Fitting bayes model ...
2022-03-18 19:01:56,858 - __main__ - INFO - Simulating database ...
2022-03-18 19:01:56,879 - __main__ - INFO - Fitting bayes model ...
2022-03-18 19:02:36,508 - __main__ - INFO - Simulating database ...
2022-03-18 19:02:36,541 - __main__ - INFO - Fitting bayes model ...
2022-03-18 19:04:05,967 - __main__ - INFO - Simulating database ...
2022-03-18 19:04:05,976 - __main__ - INFO - Fitting bayes model ...
2022-03-18 19:05:32,856 - __main__ - INFO - Printing results ...
2022-03-18 19:05:32,867 - __main__ - INFO - Done.
2022-03-20 16:16:15,858 - __main__ - INFO - Simulating database ...
2022-03-20 16:16:15,880 - __main__ - INFO - Fitting bayes model ...
2022-03-20 16:18:21,334 - __main__ - INFO - Printing results ...
2022-03-20 16:18:21,393 - __main__ - INFO - Done.
2022-03-20 16:44:31,344 - __main__ - INFO - Simulating database ...
2022-03-20 16:44:31,376 - __main__ - INFO - Fitting bayes model ...
2022-03-20 16:45:20,453 - __main__ - INFO - Simulating database ...
2022-03-20 16:45:20,557 - __main__ - INFO - Fitting bayes model ...
2022-03-20 16:49:23,351 - __main__ - INFO - Simulating database ...
2022-03-20 16:49:23,426 - __main__ - INFO - Fitting bayes model ...
2022-03-20 17:22:46,004 - __main__ - INFO - Simulating database ...
2022-03-20 17:22:46,028 - __main__ - INFO - Fitting bayes model ...
2022-03-20 17:28:29,442 - __main__ - INFO - Simulating database ...
2022-03-20 17:28:29,472 - __main__ - INFO - Fitting bayes model ...
2022-03-20 17:31:46,057 - __main__ - INFO - Simulating database ...
2022-03-20 17:31:46,078 - __main__ - INFO - Fitting bayes model ...
2022-03-20 17:32:37,914 - __main__ - INFO - Simulating database ...
2022-03-20 17:32:37,939 - __main__ - INFO - Fitting bayes model ...
2022-03-20 17:44:42,556 - __main__ - INFO - Simulating database ...
2022-03-20 17:44:42,599 - __main__ - INFO - Fitting bayes model ...
2022-03-20 17:45:14,259 - __main__ - INFO - Simulating database ...
2022-03-20 17:45:14,281 - __main__ - INFO - Fitting bayes model ...
2022-03-20 17:46:47,192 - __main__ - INFO - Simulating database ...
2022-03-20 17:46:47,213 - __main__ - INFO - Fitting bayes model ...
2022-03-20 17:49:44,196 - __main__ - INFO - Simulating database ...
2022-03-20 17:49:44,232 - __main__ - INFO - Fitting bayes model ...
2022-03-20 17:50:06,345 - __main__ - INFO - Simulating database ...
2022-03-20 17:50:06,384 - __main__ - INFO - Fitting bayes model ...
2022-03-20 17:50:20,056 - __main__ - INFO - Simulating database ...
2022-03-20 17:50:20,089 - __main__ - INFO - Fitting bayes model ...
2022-03-20 17:53:44,478 - __main__ - INFO - Simulating database ...
2022-03-20 17:53:44,550 - __main__ - INFO - Fitting bayes model ...
2022-03-20 17:54:40,119 - __main__ - INFO - Simulating database ...
2022-03-20 17:54:40,216 - __main__ - INFO - Fitting bayes model ...
2022-03-20 17:54:58,297 - __main__ - INFO - Simulating database ...
2022-03-20 17:54:58,336 - __main__ - INFO - Fitting bayes model ...
2022-03-20 17:56:57,596 - __main__ - INFO - Simulating database ...
2022-03-20 17:56:57,639 - __main__ - INFO - Fitting bayes model ...
2022-03-20 18:05:00,761 - __main__ - INFO - Simulating database ...
2022-03-20 18:05:00,910 - __main__ - INFO - Fitting bayes model ...
2022-03-20 18:08:36,246 - __main__ - INFO - Simulating database ...
2022-03-20 18:08:36,278 - __main__ - INFO - Fitting bayes model ...
2022-03-20 18:08:56,004 - __main__ - INFO - Simulating database ...
2022-03-20 18:08:56,034 - __main__ - INFO - Fitting bayes model ...
2022-03-20 18:09:12,166 - __main__ - INFO - Simulating database ...
2022-03-20 18:09:12,209 - __main__ - INFO - Fitting bayes model ...
2022-03-20 18:10:05,478 - __main__ - INFO - Simulating database ...
2022-03-20 18:10:05,541 - __main__ - INFO - Fitting bayes model ...
2022-03-20 18:14:02,716 - __main__ - INFO - Printing results ...
2022-03-20 18:14:02,752 - __main__ - INFO - Done.
2022-03-20 18:17:53,637 - __main__ - INFO - Simulating database ...
2022-03-20 18:17:53,697 - __main__ - INFO - Fitting bayes model ...
2022-03-20 18:18:47,320 - __main__ - INFO - Simulating database ...
2022-03-20 18:18:47,563 - __main__ - INFO - Fitting bayes model ...
2022-03-20 18:19:15,637 - __main__ - INFO - Simulating database ...
2022-03-20 18:19:15,703 - __main__ - INFO - Fitting bayes model ...
2022-03-20 18:19:58,346 - __main__ - INFO - Simulating database ...
2022-03-20 18:19:58,375 - __main__ - INFO - Fitting bayes model ...
2022-03-20 18:21:16,030 - __main__ - INFO - Simulating database ...
2022-03-20 18:21:16,107 - __main__ - INFO - Fitting bayes model ...
2022-03-20 18:21:50,583 - __main__ - INFO - Simulating database ...
2022-03-20 18:21:50,625 - __main__ - INFO - Fitting bayes model ...
2022-03-20 18:25:24,330 - __main__ - INFO - Printing results ...
2022-03-20 18:25:24,338 - __main__ - INFO - Done.
2022-03-20 18:40:11,976 - __main__ - INFO - Simulating database ...
2022-03-20 18:41:47,680 - __main__ - INFO - Simulating database ...
2022-03-20 18:42:32,258 - __main__ - INFO - Simulating database ...
2022-03-20 18:43:33,858 - __main__ - INFO - Simulating database ...
2022-03-20 18:45:14,543 - __main__ - INFO - Simulating database ...
2022-03-20 18:45:14,768 - __main__ - INFO - Fitting bayes model ...
2022-03-20 18:46:55,227 - __main__ - INFO - Simulating database ...
2022-03-20 18:46:55,372 - __main__ - INFO - Fitting bayes model ...
2022-03-20 18:54:31,174 - __main__ - INFO - Simulating database ...
2022-03-20 18:54:31,753 - __main__ - INFO - Fitting bayes model ...
2022-03-20 19:04:06,660 - __main__ - INFO - Simulating database ...
2022-03-20 19:04:06,910 - __main__ - INFO - Fitting bayes model ...
2022-03-20 19:07:06,848 - __main__ - INFO - Simulating database ...
2022-03-20 19:07:07,285 - __main__ - INFO - Fitting bayes model ...
2022-03-20 19:08:10,617 - __main__ - INFO - Simulating database ...
2022-03-20 19:08:10,719 - __main__ - INFO - Fitting bayes model ...
2022-03-20 19:09:25,334 - __main__ - INFO - Simulating database ...
2022-03-20 19:09:25,561 - __main__ - INFO - Fitting bayes model ...
2022-03-20 19:16:09,610 - __main__ - INFO - Simulating database ...
2022-03-20 19:16:09,726 - __main__ - INFO - Fitting bayes model ...
2022-03-20 19:28:23,728 - __main__ - INFO - Simulating database ...
2022-03-20 19:28:23,983 - __main__ - INFO - Fitting bayes model ...
2022-03-20 19:28:39,670 - __main__ - INFO - Simulating database ...
2022-03-20 19:28:39,825 - __main__ - INFO - Fitting bayes model ...
2022-03-20 19:29:07,782 - __main__ - INFO - Simulating database ...
2022-03-20 19:29:07,904 - __main__ - INFO - Fitting bayes model ...
2022-03-20 19:32:03,855 - __main__ - INFO - Simulating database ...
2022-03-20 19:32:04,036 - __main__ - INFO - Fitting bayes model ...
2022-03-20 19:43:30,271 - __main__ - INFO - Simulating database ...
2022-03-20 19:43:30,414 - __main__ - INFO - Fitting bayes model ...
2022-03-20 19:43:48,233 - __main__ - INFO - Simulating database ...
2022-03-20 19:43:48,334 - __main__ - INFO - Fitting bayes model ...
2022-03-20 19:44:04,426 - __main__ - INFO - Simulating database ...
2022-03-20 19:44:05,100 - __main__ - INFO - Fitting bayes model ...
2022-03-20 19:46:37,000 - __main__ - INFO - Simulating database ...
2022-03-20 19:46:37,172 - __main__ - INFO - Fitting bayes model ...
2022-03-20 19:47:16,964 - __main__ - INFO - Simulating database ...
2022-03-20 19:47:17,088 - __main__ - INFO - Fitting bayes model ...
2022-03-20 19:49:46,010 - __main__ - INFO - Simulating database ...
2022-03-20 19:49:46,126 - __main__ - INFO - Fitting bayes model ...
2022-03-20 19:51:39,337 - __main__ - INFO - Simulating database ...
2022-03-20 19:51:39,469 - __main__ - INFO - Fitting bayes model ...
2022-03-20 19:53:04,396 - __main__ - INFO - Simulating database ...
2022-03-20 19:55:21,297 - __main__ - INFO - Simulating database ...
2022-03-20 19:56:20,002 - __main__ - INFO - Simulating database ...
2022-03-20 19:56:20,369 - __main__ - INFO - Fitting bayes model ...
2022-03-20 19:56:50,881 - __main__ - INFO - Simulating database ...
2022-03-20 19:56:51,184 - __main__ - INFO - Fitting bayes model ...
2022-03-20 19:58:05,655 - __main__ - INFO - Simulating database ...
2022-03-20 19:58:05,767 - __main__ - INFO - Fitting bayes model ...
2022-03-20 20:01:51,214 - __main__ - INFO - Simulating database ...
2022-03-20 20:01:51,500 - __main__ - INFO - Fitting bayes model ...
2022-03-20 20:03:46,538 - __main__ - INFO - Simulating database ...
2022-03-20 20:03:46,751 - __main__ - INFO - Fitting bayes model ...
2022-03-21 12:08:06,807 - __main__ - INFO - Simulating database ...
2022-03-21 12:08:06,842 - __main__ - INFO - Fitting bayes model ...
2022-03-21 12:12:07,836 - root - ERROR - File `'(main.py).py'` not found.
2022-03-21 15:20:29,373 - __main__ - INFO - Simulating database ...
2022-03-21 15:20:29,757 - __main__ - INFO - Fitting bayes model ...
2022-03-21 15:22:50,603 - __main__ - INFO - Printing results ...
2022-03-21 15:22:50,611 - __main__ - INFO - Done.
2022-03-21 15:24:33,090 - __main__ - INFO - Simulating database ...
2022-03-21 15:24:33,403 - __main__ - INFO - Fitting bayes model ...
2022-03-21 15:28:51,171 - __main__ - INFO - Simulating database ...
2022-03-21 15:28:51,389 - __main__ - INFO - Fitting bayes model ...
2022-03-21 15:44:58,429 - __main__ - INFO - Simulating database ...
2022-03-21 15:44:58,575 - __main__ - INFO - Fitting bayes model ...
2022-03-21 15:51:58,801 - __main__ - INFO - Simulating database ...
2022-03-21 15:51:59,102 - __main__ - INFO - Fitting bayes model ...
2022-03-21 16:06:58,601 - __main__ - INFO - Simulating database ...
2022-03-21 16:06:58,696 - __main__ - INFO - Fitting bayes model ...
2022-03-21 16:08:24,597 - __main__ - INFO - Printing results ...
2022-03-21 16:08:24,676 - __main__ - INFO - Done.
2022-03-21 16:12:04,837 - __main__ - INFO - Simulating database ...
2022-03-21 16:12:05,160 - __main__ - INFO - Fitting bayes model ...
2022-03-21 16:16:44,405 - __main__ - INFO - Simulating database ...
2022-03-21 16:16:44,565 - __main__ - INFO - Fitting bayes model ...
2022-03-21 16:37:18,607 - __main__ - INFO - Simulating database ...
2022-03-21 16:37:19,027 - __main__ - INFO - Fitting bayes model ...
2022-03-21 18:30:03,431 - __main__ - INFO - Simulating database ...
2022-03-21 18:30:03,683 - __main__ - INFO - Fitting bayes model ...
2022-03-21 18:43:31,374 - __main__ - INFO - Simulating database ...
2022-03-21 18:43:31,776 - __main__ - INFO - Fitting bayes model ...
2022-03-21 19:34:26,628 - __main__ - INFO - Simulating database ...
2022-03-21 19:34:26,788 - __main__ - INFO - Fitting bayes model ...
2022-03-21 19:36:13,590 - __main__ - INFO - Simulating database ...
2022-03-21 19:36:14,578 - __main__ - INFO - Fitting bayes model ...
2022-03-21 19:38:23,474 - __main__ - INFO - Simulating database ...
2022-03-21 19:38:23,985 - __main__ - INFO - Fitting bayes model ...
2022-03-21 19:51:18,565 - __main__ - INFO - Simulating database ...
2022-03-21 19:51:18,933 - __main__ - INFO - Fitting bayes model ...
2022-03-22 10:18:07,666 - __main__ - INFO - Simulating database ...
2022-03-22 10:18:08,253 - __main__ - INFO - Fitting bayes model ...
2022-03-22 10:44:46,054 - __main__ - INFO - Simulating database ...
2022-03-22 10:44:46,434 - __main__ - INFO - Fitting bayes model ...
2022-03-22 10:45:33,624 - __main__ - INFO - Simulating database ...
2022-03-22 10:45:33,858 - __main__ - INFO - Fitting bayes model ...
2022-03-22 11:03:33,262 - __main__ - INFO - Simulating database ...
2022-03-22 11:03:33,436 - __main__ - INFO - Fitting bayes model ...
2022-03-22 11:04:33,181 - __main__ - INFO - Simulating database ...
2022-03-22 11:04:33,415 - __main__ - INFO - Fitting bayes model ...
2022-03-22 11:05:31,492 - __main__ - INFO - Simulating database ...
2022-03-22 11:05:31,729 - __main__ - INFO - Fitting bayes model ...
2022-03-22 11:06:39,028 - __main__ - INFO - Simulating database ...
2022-03-22 11:06:39,163 - __main__ - INFO - Fitting bayes model ...
2022-03-22 11:07:11,772 - __main__ - INFO - Simulating database ...
2022-03-22 11:07:11,873 - __main__ - INFO - Fitting bayes model ...
2022-03-22 11:09:57,398 - __main__ - INFO - Simulating database ...
2022-03-22 11:09:57,522 - __main__ - INFO - Fitting bayes model ...
2022-03-22 11:11:34,488 - __main__ - INFO - Simulating database ...
2022-03-22 11:11:34,635 - __main__ - INFO - Fitting bayes model ...
2022-03-22 11:13:02,985 - __main__ - INFO - Simulating database ...
2022-03-22 11:13:03,148 - __main__ - INFO - Fitting bayes model ...
2022-03-22 11:13:42,397 - __main__ - INFO - Simulating database ...
2022-03-22 11:13:42,629 - __main__ - INFO - Fitting bayes model ...
2022-03-22 16:18:45,475 - __main__ - INFO - Simulating database ...
2022-03-22 16:18:45,741 - __main__ - INFO - Fitting bayes model ...
2022-03-22 16:22:18,358 - __main__ - INFO - Simulating database ...
2022-03-22 16:22:18,674 - __main__ - INFO - Fitting bayes model ...
2022-03-22 16:23:25,834 - __main__ - INFO - Simulating database ...
2022-03-22 16:23:26,302 - __main__ - INFO - Fitting bayes model ...
2022-03-22 16:25:13,162 - __main__ - INFO - Simulating database ...
2022-03-22 16:25:13,429 - __main__ - INFO - Fitting bayes model ...
2022-03-22 16:26:21,351 - __main__ - INFO - Simulating database ...
2022-03-22 16:26:21,667 - __main__ - INFO - Fitting bayes model ...
2022-03-22 16:27:19,290 - __main__ - INFO - Simulating database ...
2022-03-22 16:27:19,887 - __main__ - INFO - Fitting bayes model ...
2022-03-22 16:31:04,832 - __main__ - INFO - Simulating database ...
2022-03-22 16:31:05,761 - __main__ - INFO - Fitting bayes model ...
2022-03-22 16:39:05,046 - __main__ - INFO - Simulating database ...
2022-03-22 16:39:05,147 - __main__ - INFO - Fitting bayes model ...
2022-03-22 16:51:00,686 - __main__ - INFO - Simulating database ...
2022-03-22 16:51:01,032 - __main__ - INFO - Fitting bayes model ...
2022-03-22 16:56:58,470 - __main__ - INFO - Simulating database ...
2022-03-22 16:56:58,859 - __main__ - INFO - Fitting bayes model ...
2022-03-22 16:58:15,587 - __main__ - INFO - Simulating database ...
2022-03-22 16:58:15,758 - __main__ - INFO - Fitting bayes model ...
2022-03-22 16:58:59,312 - __main__ - INFO - Simulating database ...
2022-03-22 16:58:59,499 - __main__ - INFO - Fitting bayes model ...
2022-03-22 17:00:31,830 - __main__ - INFO - Simulating database ...
2022-03-22 17:00:31,940 - __main__ - INFO - Fitting bayes model ...
2022-03-22 17:04:15,938 - __main__ - INFO - Simulating database ...
2022-03-22 17:04:16,101 - __main__ - INFO - Fitting bayes model ...
2022-03-22 17:10:05,758 - __main__ - INFO - Simulating database ...
2022-03-22 17:10:06,059 - __main__ - INFO - Fitting bayes model ...
2022-03-22 17:11:22,155 - __main__ - INFO - Printing results ...
2022-03-22 17:11:22,208 - __main__ - INFO - Done.
